[18/Feb/2020:23:19:02] (ℹ️): WordPress Instance Info:
[18/Feb/2020:23:19:02] (ℹ️): Home URL : http://s710294037.onlinehome.fr
[18/Feb/2020:23:19:02] (ℹ️): Site URL : http://s710294037.onlinehome.fr
[18/Feb/2020:23:19:02] (ℹ️): WordPress Version : 5.3.2
[18/Feb/2020:23:19:02] (ℹ️): Onboarding Version : 1.8.1
[18/Feb/2020:23:19:02] (ℹ️): Multisite : No
[18/Feb/2020:23:19:02] (ℹ️): Server Info : Apache
[18/Feb/2020:23:19:02] (ℹ️): PHP Version : 7.3.14
[18/Feb/2020:23:19:02] (ℹ️): HTTPS : No
[18/Feb/2020:23:19:02] (ℹ️): PHP Max Execution Time : 30
[18/Feb/2020:23:19:02] (ℹ️): PHP Max Input Vars : 1000
[18/Feb/2020:23:19:02] (ℹ️): Max Upload Size : 67108864
[18/Feb/2020:23:19:02] (ℹ️): Plugins:
[18/Feb/2020:23:19:02] (ℹ️): [PLUGIN] Polylang : v2.6.9 (WP SYNTEX)
[18/Feb/2020:23:19:02] (ℹ️): [PLUGIN] Alfred, the Assistant : v5.4.4 (1&amp;1 IONOS)
[18/Feb/2020:23:19:02] (ℹ️): [PLUGIN] Akismet Anti-Spam : v4.1.3 (Automattic)
[18/Feb/2020:23:19:02] (ℹ️): [PLUGIN] Better Search Replace : v1.3.3 (Delicious Brains)
[18/Feb/2020:23:19:02] (ℹ️): [PLUGIN] Blog2Social : planificateur de partage et d’auto-publication sur les réseaux sociaux : v6.1.2 (Blog2Social, Adenion)
[18/Feb/2020:23:19:02] (ℹ️): [PLUGIN] Category Icon : v0.6.0 (PixelGrade)
[18/Feb/2020:23:19:02] (ℹ️): [PLUGIN] Polylang Connect for Elementor : v1.0.0 (David Decker - DECKERWEB)
[18/Feb/2020:23:19:02] (ℹ️): [PLUGIN] Display Posts : v3.0.2 (Bill Erickson)
[18/Feb/2020:23:19:02] (ℹ️): [PLUGIN] Duplicate Menu : v0.2.2 (Jonathan Christopher)
[18/Feb/2020:23:19:02] (ℹ️): [PLUGIN] Duplicate Page : v4.0 (mndpsingh287)
[18/Feb/2020:23:19:02] (ℹ️): [PLUGIN] Duplicate Post : v3.2.4 (Enrico Battocchi)
[18/Feb/2020:23:19:02] (ℹ️): [PLUGIN] Elementor Pro : v2.8.3 (Elementor.com)
[18/Feb/2020:23:19:02] (ℹ️): [PLUGIN] Elementor : v2.9.2 (Elementor.com)
[18/Feb/2020:23:19:02] (ℹ️): [PLUGIN] Essential Addons for Elementor : v3.8.0 (WPDeveloper)
[18/Feb/2020:23:19:02] (ℹ️): [PLUGIN] Header and Footer Scripts : v2.1.1 (Digital Liberation)
[18/Feb/2020:23:19:02] (ℹ️): [PLUGIN] Elementor - Header, Footer &amp; Blocks : v1.2.2 (Brainstorm Force, Nikhil Chavan)
[18/Feb/2020:23:19:02] (ℹ️): [PLUGIN] Icyclub : v1.6.7 (themeicy)
[18/Feb/2020:23:19:02] (ℹ️): [PLUGIN] Lingotek Translation : v1.4.6 (Lingotek and Frédéric Demarle)
[18/Feb/2020:23:19:02] (ℹ️): [PLUGIN] Mesmerize Companion : v1.6.111 (Horea Radu)
[18/Feb/2020:23:19:02] (ℹ️): [PLUGIN] Gutenberg Blocks and Template Library by Otter : v1.3.3 (ThemeIsle)
[18/Feb/2020:23:19:02] (ℹ️): [PLUGIN] Rank Math SEO : v1.0.38 (Rank Math)
[18/Feb/2020:23:19:02] (ℹ️): [PLUGIN] Social2Blog : v0.2.984 (Andrea Dotta, Jacopo Campani, di xkoll.com)
[18/Feb/2020:23:19:02] (ℹ️): [PLUGIN] Orbit Fox Companion : v2.9.2 (Themeisle)
[18/Feb/2020:23:19:02] (ℹ️): [PLUGIN] WP Super Cache : v1.7.1 (Automattic)
[18/Feb/2020:23:19:02] (ℹ️): [PLUGIN] wpDiscuz : v5.3.5 (Équipe gVectors (A. Chakhoyan, G. Zakaryan, H. Martirosyan))
